================================================================================
JobID = 10250563
User = u14374, Account = ag_gipp
Partition = scc-gpu, Nodelist = ggpu194
================================================================================
Submitting job with sbatch from directory: /scratch-scc/users/u14374/bachelorarbeit/bachelorthesis_multilingual_steering/src
Home directory: /user/stein65/u14374
Working directory: /scratch-scc/users/u14374/bachelorarbeit/bachelorthesis_multilingual_steering/src
Current node: ggpu194
Python 3.12.8

Current Branch: main
Latest Commit: 6f5a07c
Uncommitted Changes: 2

Activated Conda environment: modified_lm_eval_env
10 total responses counted.
10 total responses in dataframe.
Task: multijail_baseline
Safe: 8, Unsafe: 2, Invalid: 0
10 total responses counted.
10 total responses in dataframe.
Task: multijail_L11_S0.33
Safe: 7, Unsafe: 2, Invalid: 1
10 total responses counted.
10 total responses in dataframe.
Task: multijail_L11_S0.66
Safe: 7, Unsafe: 2, Invalid: 1
10 total responses counted.
10 total responses in dataframe.
Task: multijail_L11_S1.0
Safe: 7, Unsafe: 2, Invalid: 1
10 total responses counted.
10 total responses in dataframe.
Task: or_bench_baseline
Safe: 10, Unsafe: 0, Invalid: 0
10 total responses counted.
10 total responses in dataframe.
Task: or_bench_L11_S0.33
Safe: 10, Unsafe: 0, Invalid: 0
10 total responses counted.
10 total responses in dataframe.
Task: or_bench_L11_S0.66
Safe: 10, Unsafe: 0, Invalid: 0
10 total responses counted.
10 total responses in dataframe.
Task: or_bench_L11_S1.0
Safe: 10, Unsafe: 0, Invalid: 0

Results DataFrame:
         multijail_baseline  ...  or_bench_L11_S1.0
safe                      8  ...                 10
unsafe                    2  ...                  0
invalid                   0  ...                  0

[3 rows x 8 columns]
============ Job Information ===================================================
Submitted: 2025-08-08T01:29:20
Started: 2025-08-08T01:29:24
Ended: 2025-08-08T01:29:55
Elapsed: 1 min, Limit: 20 min, Difference: 19 min
CPUs: 8, Nodes: 1
Estimated Consumption: 2.50 core-hours
================================================================================
