================================================================================
JobID = 10237586
User = u14374, Account = ag_gipp
Partition = scc-gpu, Nodelist = ggpu151
================================================================================
Submitting job with sbatch from directory: /scratch-scc/users/u14374/bachelorarbeit/bachelorthesis_multilingual_steering/src
Home directory: /user/stein65/u14374
Working directory: /scratch-scc/users/u14374/bachelorarbeit/bachelorthesis_multilingual_steering/src
Current node: ggpu151
Python 3.12.8

Current Branch: main
Latest Commit: 0b4f2c3
Uncommitted Changes: 242

Activated Conda environment: modified_lm_eval_env
============ Job Information ===================================================
Submitted: 2025-08-07T12:42:52
Started: 2025-08-07T12:43:05
Ended: 2025-08-07T18:43:25
Elapsed: 361 min, Limit: 360 min, Difference: -1 min
CPUs: 8, Nodes: 1
Estimated Consumption: 902.50 core-hours
================================================================================
