================================================================================
JobID = 10211700
User = u14374, Account = ag_gipp
Partition = scc-gpu, Nodelist = ggpu146
================================================================================
Submitting job with sbatch from directory: /scratch-scc/users/u14374/bachelorarbeit/bachelorthesis_multilingual_steering/src
Home directory: /user/stein65/u14374
Working directory: /scratch-scc/users/u14374/bachelorarbeit/bachelorthesis_multilingual_steering/src
Current node: ggpu146
Python 3.12.8

Current Branch: main
Latest Commit: 9a08875
Uncommitted Changes: 29

Activated Conda environment: modified_lm_eval_env
Sampling OR Bench to 10 samples.
============ Job Information ===================================================
Submitted: 2025-08-05T15:55:56
Started: 2025-08-05T15:56:13
Ended: 2025-08-05T15:57:42
Elapsed: 2 min, Limit: 9 min, Difference: 7 min
CPUs: 8, Nodes: 1
Estimated Consumption: 5.00 core-hours
================================================================================
